This file contains any messages produced by compilers while
running configure, to aid debugging if configure makes a mistake.

It was created by Pistachio configure 0.4, which was
generated by GNU Autoconf 2.68.  Invocation command line was

  $ ../user/configure --prefix=/home/mscapero/Desktop/pistachio-qemu/l4ka-pistachio/x86-x32-user-build/../x86-x32-user-install --with-kerneldir=../x86-kernel-build --without-comport

## --------- ##
## Platform. ##
## --------- ##

hostname = ubuntu
uname -m = i686
uname -r = 3.11.0-22-generic
uname -s = Linux
uname -v = #38~precise1-Ubuntu SMP Fri May 16 20:50:12 UTC 2014

/usr/bin/uname -p = unknown
/bin/uname -X     = unknown

/bin/arch              = unknown
/usr/bin/arch -k       = unknown
/usr/convex/getsysinfo = unknown
/usr/bin/hostinfo      = unknown
/bin/machine           = unknown
/usr/bin/oslevel       = unknown
/bin/universe          = unknown

PATH: /usr/local/sbin
PATH: /usr/local/bin
PATH: /usr/sbin
PATH: /usr/bin
PATH: /sbin
PATH: /bin


## ----------- ##
## Core tests. ##
## ----------- ##

configure:1915: checking for gcc
configure:1931: found /usr/bin/gcc
configure:1942: result: gcc
configure:2171: checking for C compiler version
configure:2180: gcc --version >&5
gcc (Ubuntu 4.8.1-2ubuntu1~12.04) 4.8.1
Copyright (C) 2013 Free Software Foundation, Inc.
This is free software; see the source for copying conditions.  There is NO
warranty; not even for MERCHANTABILITY or FITNESS FOR A PARTICULAR PURPOSE.

configure:2191: $? = 0
configure:2180: gcc -v >&5
Using built-in specs.
COLLECT_GCC=gcc
COLLECT_LTO_WRAPPER=/usr/lib/gcc/i686-linux-gnu/4.8/lto-wrapper
Target: i686-linux-gnu
Configured with: ../src/configure -v --with-pkgversion='Ubuntu 4.8.1-2ubuntu1~12.04' --with-bugurl=file:///usr/share/doc/gcc-4.8/README.Bugs --enable-languages=c,c++,java,go,d,fortran,objc,obj-c++ --prefix=/usr --program-suffix=-4.8 --enable-shared --enable-linker-build-id --libexecdir=/usr/lib --without-included-gettext --enable-threads=posix --with-gxx-include-dir=/usr/include/c++/4.8 --libdir=/usr/lib --enable-nls --with-sysroot=/ --enable-clocale=gnu --enable-libstdcxx-debug --enable-libstdcxx-time=yes --enable-gnu-unique-object --enable-plugin --with-system-zlib --disable-browser-plugin --enable-java-awt=gtk --enable-gtk-cairo --with-java-home=/usr/lib/jvm/java-1.5.0-gcj-4.8-i386/jre --enable-java-home --with-jvm-root-dir=/usr/lib/jvm/java-1.5.0-gcj-4.8-i386 --with-jvm-jar-dir=/usr/lib/jvm-exports/java-1.5.0-gcj-4.8-i386 --with-arch-directory=i386 --with-ecj-jar=/usr/share/java/eclipse-ecj.jar --enable-objc-gc --enable-targets=all --enable-multiarch --disable-werror --with-arch-32=i686 --with-multilib-list=m32,m64 --with-tune=generic --enable-checking=release --build=i686-linux-gnu --host=i686-linux-gnu --target=i686-linux-gnu
Thread model: posix
gcc version 4.8.1 (Ubuntu 4.8.1-2ubuntu1~12.04) 
configure:2191: $? = 0
configure:2180: gcc -V >&5
gcc: error: unrecognized command line option '-V'
gcc: fatal error: no input files
compilation terminated.
configure:2191: $? = 4
configure:2180: gcc -qversion >&5
gcc: error: unrecognized command line option '-qversion'
gcc: fatal error: no input files
compilation terminated.
configure:2191: $? = 4
configure:2211: checking whether the C compiler works
configure:2233: gcc    conftest.c  >&5
configure:2237: $? = 0
configure:2285: result: yes
configure:2288: checking for C compiler default output file name
configure:2290: result: a.out
configure:2296: checking for suffix of executables
configure:2303: gcc -o conftest    conftest.c  >&5
configure:2307: $? = 0
configure:2329: result: 
configure:2351: checking whether we are cross compiling
configure:2359: gcc -o conftest    conftest.c  >&5
configure:2363: $? = 0
configure:2370: ./conftest
configure:2374: $? = 0
configure:2389: result: no
configure:2394: checking for suffix of object files
configure:2416: gcc -c   conftest.c >&5
configure:2420: $? = 0
configure:2441: result: o
configure:2445: checking whether we are using the GNU C compiler
configure:2464: gcc -c   conftest.c >&5
configure:2464: $? = 0
configure:2473: result: yes
configure:2482: checking whether gcc accepts -g
configure:2502: gcc -c -g  conftest.c >&5
configure:2502: $? = 0
configure:2543: result: yes
configure:2560: checking for gcc option to accept ISO C89
configure:2624: gcc  -c -g -O2  conftest.c >&5
configure:2624: $? = 0
configure:2637: result: none needed
configure:2700: checking for a BSD-compatible install
configure:2768: result: /usr/bin/install -c
configure:2779: checking whether make sets $(MAKE)
configure:2801: result: yes
configure:2810: checking whether ln -s works
configure:2814: result: yes
configure:2825: checking for gawk
configure:2855: result: no
configure:2825: checking for mawk
configure:2841: found /usr/bin/mawk
configure:2852: result: mawk
configure:2936: checking location of libgcc.a
configure:2940: result: /usr/lib/gcc/i686-linux-gnu/4.8
configure:2943: checking location of stdarg.h
configure:2963: result: /usr/lib/gcc/i686-linux-gnu/4.8/include
configure:2970: checking kernel build directory
configure:3012: result: ../x86-kernel-build
configure:3222: creating ./config.status

## ---------------------- ##
## Running config.status. ##
## ---------------------- ##

This file was extended by Pistachio config.status 0.4, which was
generated by GNU Autoconf 2.68.  Invocation command line was

  CONFIG_FILES    = 
  CONFIG_HEADERS  = 
  CONFIG_LINKS    = 
  CONFIG_COMMANDS = 
  $ ./config.status 

on ubuntu

config.status:833: creating config.mk
config.status:833: creating Makefile
config.status:833: creating lib/Makefile
config.status:833: creating lib/l4/Makefile
config.status:833: creating lib/io/Makefile
config.status:833: creating serv/Makefile
config.status:833: creating serv/sigma0/Makefile
config.status:833: creating apps/Makefile
config.status:833: creating apps/bench/Makefile
config.status:833: creating apps/bench/pingpong/Makefile
config.status:833: creating apps/grabmem/Makefile
config.status:833: creating apps/l4test/Makefile
config.status:833: creating util/Makefile
config.status:833: creating util/kickstart/Makefile
config.status:833: creating util/grubdisk/Makefile
config.status:833: creating util/piggybacker/Makefile
config.status:833: creating util/piggybacker/ofppc/Makefile
config.status:833: creating util/piggybacker/ofppc64/Makefile
config.status:833: creating contrib/Makefile
config.status:833: creating contrib/elf-loader/Makefile
config.status:833: creating config.h

## ---------------- ##
## Cache variables. ##
## ---------------- ##

ac_cv_c_compiler_gnu=yes
ac_cv_env_CC_set=
ac_cv_env_CC_value=
ac_cv_env_CFLAGS_set=
ac_cv_env_CFLAGS_value=
ac_cv_env_CPPFLAGS_set=
ac_cv_env_CPPFLAGS_value=
ac_cv_env_LDFLAGS_set=
ac_cv_env_LDFLAGS_value=
ac_cv_env_LIBS_set=
ac_cv_env_LIBS_value=
ac_cv_env_build_alias_set=
ac_cv_env_build_alias_value=
ac_cv_env_host_alias_set=
ac_cv_env_host_alias_value=
ac_cv_env_target_alias_set=
ac_cv_env_target_alias_value=
ac_cv_objext=o
ac_cv_path_install='/usr/bin/install -c'
ac_cv_prog_AWK=mawk
ac_cv_prog_ac_ct_CC=gcc
ac_cv_prog_cc_c89=
ac_cv_prog_cc_g=yes
ac_cv_prog_make_make_set=yes

## ----------------- ##
## Output variables. ##
## ----------------- ##

ARCH='ia32'
AWK='mawk'
CC='gcc'
CFLAGS='-fno-stack-protector -nostdinc -g -O2 -m32'
CPPFLAGS='-I$(top_srcdir)/include -I$(top_builddir) -I/usr/lib/gcc/i686-linux-gnu/4.8/include '
CROSSCC=''
CXXFLAGS='-fno-exceptions '
DEFS='-DHAVE_CONFIG_H'
ECHO_C=''
ECHO_N='-n'
ECHO_T=''
EXEEXT=''
INSTALL_DATA='${INSTALL} -m 644'
INSTALL_PROGRAM='${INSTALL}'
INSTALL_SCRIPT='${INSTALL}'
KERNEL='x86-kernel'
KICKSTART_LINKBASE='00800000'
LDFLAGS='-N -L$(top_builddir)/lib -L/usr/lib/gcc/i686-linux-gnu/4.8 -nostdlib  -melf_i386'
LIBOBJS=''
LIBS=''
LN_S='ln -s'
LTLIBOBJS=''
OBJEXT='o'
PACKAGE_BUGREPORT=''
PACKAGE_NAME='Pistachio'
PACKAGE_STRING='Pistachio 0.4'
PACKAGE_TARNAME='pistachio'
PACKAGE_URL=''
PACKAGE_VERSION='0.4'
PATH_SEPARATOR=':'
PLAT='amd64-pc99'
ROOTTASK_LINKBASE='00400000'
SET_MAKE=''
SHELL='/bin/bash'
SIGMA0_LINKBASE='00020000'
TOOLPREFIX=''
ac_ct_CC='gcc'
bindir='${exec_prefix}/bin'
build_alias=''
datadir='${datarootdir}'
datarootdir='${prefix}/share'
docdir='${datarootdir}/doc/${PACKAGE_TARNAME}'
dvidir='${docdir}'
exec_prefix='${prefix}'
host_alias=''
htmldir='${docdir}'
includedir='${prefix}/include'
infodir='${datarootdir}/info'
kerneldir='../x86-kernel-build'
libdir='${exec_prefix}/lib/l4'
libexecdir='${exec_prefix}/libexec/l4'
localedir='${datarootdir}/locale'
localstatedir='${prefix}/var'
mandir='${datarootdir}/man'
oldincludedir='/usr/include'
pdfdir='${docdir}'
prefix='/home/mscapero/Desktop/pistachio-qemu/l4ka-pistachio/x86-x32-user-build/../x86-x32-user-install'
program_transform_name='s,x,x,'
psdir='${docdir}'
sbindir='${exec_prefix}/sbin'
sharedstatedir='${prefix}/com'
sysconfdir='${prefix}/etc'
target_alias=''

## ----------- ##
## confdefs.h. ##
## ----------- ##

/* confdefs.h */
#define PACKAGE_NAME "Pistachio"
#define PACKAGE_TARNAME "pistachio"
#define PACKAGE_VERSION "0.4"
#define PACKAGE_STRING "Pistachio 0.4"
#define PACKAGE_BUGREPORT ""
#define PACKAGE_URL ""

configure: exit 0

## ---------------------- ##
## Running config.status. ##
## ---------------------- ##

This file was extended by Pistachio config.status 0.4, which was
generated by GNU Autoconf 2.68.  Invocation command line was

  CONFIG_FILES    = apps/bench/mypingpong/Makefile
  CONFIG_HEADERS  = 
  CONFIG_LINKS    = 
  CONFIG_COMMANDS = 
  $ ./config.status 

on ubuntu

config.status:833: creating apps/bench/mypingpong/Makefile
config.status:833: creating config.h
config.status:993: config.h is unchanged

## ---------------------- ##
## Running config.status. ##
## ---------------------- ##

This file was extended by Pistachio config.status 0.4, which was
generated by GNU Autoconf 2.68.  Invocation command line was

  CONFIG_FILES    = apps/bench/mypingpong/Makefile
  CONFIG_HEADERS  = 
  CONFIG_LINKS    = 
  CONFIG_COMMANDS = 
  $ ./config.status 

on ubuntu

config.status:833: creating apps/bench/mypingpong/Makefile
config.status:833: creating config.h
config.status:993: config.h is unchanged

## ---------------------- ##
## Running config.status. ##
## ---------------------- ##

This file was extended by Pistachio config.status 0.4, which was
generated by GNU Autoconf 2.68.  Invocation command line was

  CONFIG_FILES    = apps/bench/mypingpong/Makefile
  CONFIG_HEADERS  = 
  CONFIG_LINKS    = 
  CONFIG_COMMANDS = 
  $ ./config.status 

on ubuntu

config.status:833: creating apps/bench/mypingpong/Makefile
config.status:833: creating config.h
config.status:993: config.h is unchanged

## ---------------------- ##
## Running config.status. ##
## ---------------------- ##

This file was extended by Pistachio config.status 0.4, which was
generated by GNU Autoconf 2.68.  Invocation command line was

  CONFIG_FILES    = apps/bench/mypingpong/Makefile
  CONFIG_HEADERS  = 
  CONFIG_LINKS    = 
  CONFIG_COMMANDS = 
  $ ./config.status 

on ubuntu

config.status:833: creating apps/bench/mypingpong/Makefile
config.status:833: creating config.h
config.status:993: config.h is unchanged

## ---------------------- ##
## Running config.status. ##
## ---------------------- ##

This file was extended by Pistachio config.status 0.4, which was
generated by GNU Autoconf 2.68.  Invocation command line was

  CONFIG_FILES    = apps/bench/mypingpong/Makefile
  CONFIG_HEADERS  = 
  CONFIG_LINKS    = 
  CONFIG_COMMANDS = 
  $ ./config.status 

on ubuntu

config.status:833: creating apps/bench/mypingpong/Makefile
config.status:833: creating config.h
config.status:993: config.h is unchanged

## ---------------------- ##
## Running config.status. ##
## ---------------------- ##

This file was extended by Pistachio config.status 0.4, which was
generated by GNU Autoconf 2.68.  Invocation command line was

  CONFIG_FILES    = apps/bench/mypingpong/Makefile
  CONFIG_HEADERS  = 
  CONFIG_LINKS    = 
  CONFIG_COMMANDS = 
  $ ./config.status 

on ubuntu

config.status:833: creating apps/bench/mypingpong/Makefile
config.status:833: creating config.h
config.status:993: config.h is unchanged

## ---------------------- ##
## Running config.status. ##
## ---------------------- ##

This file was extended by Pistachio config.status 0.4, which was
generated by GNU Autoconf 2.68.  Invocation command line was

  CONFIG_FILES    = apps/bench/mypingpong/Makefile
  CONFIG_HEADERS  = 
  CONFIG_LINKS    = 
  CONFIG_COMMANDS = 
  $ ./config.status 

on ubuntu

config.status:833: creating apps/bench/mypingpong/Makefile
config.status:833: creating config.h
config.status:993: config.h is unchanged

## ---------------------- ##
## Running config.status. ##
## ---------------------- ##

This file was extended by Pistachio config.status 0.4, which was
generated by GNU Autoconf 2.68.  Invocation command line was

  CONFIG_FILES    = apps/bench/mypingpong/Makefile
  CONFIG_HEADERS  = 
  CONFIG_LINKS    = 
  CONFIG_COMMANDS = 
  $ ./config.status 

on ubuntu

config.status:833: creating apps/bench/mypingpong/Makefile
config.status:833: creating config.h
config.status:993: config.h is unchanged

## ---------------------- ##
## Running config.status. ##
## ---------------------- ##

This file was extended by Pistachio config.status 0.4, which was
generated by GNU Autoconf 2.68.  Invocation command line was

  CONFIG_FILES    = apps/bench/mypingpong/Makefile
  CONFIG_HEADERS  = 
  CONFIG_LINKS    = 
  CONFIG_COMMANDS = 
  $ ./config.status 

on ubuntu

config.status:833: creating apps/bench/mypingpong/Makefile
config.status:833: creating config.h
config.status:993: config.h is unchanged

## ---------------------- ##
## Running config.status. ##
## ---------------------- ##

This file was extended by Pistachio config.status 0.4, which was
generated by GNU Autoconf 2.68.  Invocation command line was

  CONFIG_FILES    = apps/bench/mypingpong/Makefile
  CONFIG_HEADERS  = 
  CONFIG_LINKS    = 
  CONFIG_COMMANDS = 
  $ ./config.status 

on ubuntu

config.status:833: creating apps/bench/mypingpong/Makefile
config.status:833: creating config.h
config.status:993: config.h is unchanged

## ---------------------- ##
## Running config.status. ##
## ---------------------- ##

This file was extended by Pistachio config.status 0.4, which was
generated by GNU Autoconf 2.68.  Invocation command line was

  CONFIG_FILES    = apps/bench/mypingpong/Makefile
  CONFIG_HEADERS  = 
  CONFIG_LINKS    = 
  CONFIG_COMMANDS = 
  $ ./config.status 

on ubuntu

config.status:833: creating apps/bench/mypingpong/Makefile
config.status:833: creating config.h
config.status:993: config.h is unchanged

## ---------------------- ##
## Running config.status. ##
## ---------------------- ##

This file was extended by Pistachio config.status 0.4, which was
generated by GNU Autoconf 2.68.  Invocation command line was

  CONFIG_FILES    = apps/bench/mypingpong/Makefile
  CONFIG_HEADERS  = 
  CONFIG_LINKS    = 
  CONFIG_COMMANDS = 
  $ ./config.status 

on ubuntu

config.status:833: creating apps/bench/mypingpong/Makefile
config.status:833: creating config.h
config.status:993: config.h is unchanged

## ---------------------- ##
## Running config.status. ##
## ---------------------- ##

This file was extended by Pistachio config.status 0.4, which was
generated by GNU Autoconf 2.68.  Invocation command line was

  CONFIG_FILES    = apps/bench/mypingpong/Makefile
  CONFIG_HEADERS  = 
  CONFIG_LINKS    = 
  CONFIG_COMMANDS = 
  $ ./config.status 

on ubuntu

config.status:833: creating apps/bench/mypingpong/Makefile
config.status:833: creating config.h
config.status:993: config.h is unchanged

## ---------------------- ##
## Running config.status. ##
## ---------------------- ##

This file was extended by Pistachio config.status 0.4, which was
generated by GNU Autoconf 2.68.  Invocation command line was

  CONFIG_FILES    = apps/bench/mypingpong/Makefile
  CONFIG_HEADERS  = 
  CONFIG_LINKS    = 
  CONFIG_COMMANDS = 
  $ ./config.status 

on ubuntu

config.status:833: creating apps/bench/mypingpong/Makefile
config.status:833: creating config.h
config.status:993: config.h is unchanged

## ---------------------- ##
## Running config.status. ##
## ---------------------- ##

This file was extended by Pistachio config.status 0.4, which was
generated by GNU Autoconf 2.68.  Invocation command line was

  CONFIG_FILES    = apps/bench/mypingpong/Makefile
  CONFIG_HEADERS  = 
  CONFIG_LINKS    = 
  CONFIG_COMMANDS = 
  $ ./config.status 

on ubuntu

config.status:833: creating apps/bench/mypingpong/Makefile
config.status:833: creating config.h
config.status:993: config.h is unchanged

## ---------------------- ##
## Running config.status. ##
## ---------------------- ##

This file was extended by Pistachio config.status 0.4, which was
generated by GNU Autoconf 2.68.  Invocation command line was

  CONFIG_FILES    = apps/bench/mypingpong/Makefile
  CONFIG_HEADERS  = 
  CONFIG_LINKS    = 
  CONFIG_COMMANDS = 
  $ ./config.status 

on ubuntu

config.status:833: creating apps/bench/mypingpong/Makefile
config.status:833: creating config.h
config.status:993: config.h is unchanged

## ---------------------- ##
## Running config.status. ##
## ---------------------- ##

This file was extended by Pistachio config.status 0.4, which was
generated by GNU Autoconf 2.68.  Invocation command line was

  CONFIG_FILES    = apps/bench/mypingpong/Makefile
  CONFIG_HEADERS  = 
  CONFIG_LINKS    = 
  CONFIG_COMMANDS = 
  $ ./config.status 

on ubuntu

config.status:833: creating apps/bench/mypingpong/Makefile
config.status:833: creating config.h
config.status:993: config.h is unchanged

## ---------------------- ##
## Running config.status. ##
## ---------------------- ##

This file was extended by Pistachio config.status 0.4, which was
generated by GNU Autoconf 2.68.  Invocation command line was

  CONFIG_FILES    = apps/bench/mypingpong/Makefile
  CONFIG_HEADERS  = 
  CONFIG_LINKS    = 
  CONFIG_COMMANDS = 
  $ ./config.status 

on ubuntu

config.status:833: creating apps/bench/mypingpong/Makefile
config.status:833: creating config.h
config.status:993: config.h is unchanged

## ---------------------- ##
## Running config.status. ##
## ---------------------- ##

This file was extended by Pistachio config.status 0.4, which was
generated by GNU Autoconf 2.68.  Invocation command line was

  CONFIG_FILES    = apps/bench/mypingpong/Makefile
  CONFIG_HEADERS  = 
  CONFIG_LINKS    = 
  CONFIG_COMMANDS = 
  $ ./config.status 

on ubuntu

config.status:833: creating apps/bench/mypingpong/Makefile
config.status:833: creating config.h
config.status:993: config.h is unchanged

## ---------------------- ##
## Running config.status. ##
## ---------------------- ##

This file was extended by Pistachio config.status 0.4, which was
generated by GNU Autoconf 2.68.  Invocation command line was

  CONFIG_FILES    = apps/bench/mypingpong/Makefile
  CONFIG_HEADERS  = 
  CONFIG_LINKS    = 
  CONFIG_COMMANDS = 
  $ ./config.status 

on ubuntu

config.status:833: creating apps/bench/mypingpong/Makefile
config.status:833: creating config.h
config.status:993: config.h is unchanged

## ---------------------- ##
## Running config.status. ##
## ---------------------- ##

This file was extended by Pistachio config.status 0.4, which was
generated by GNU Autoconf 2.68.  Invocation command line was

  CONFIG_FILES    = apps/bench/mypingpong/Makefile
  CONFIG_HEADERS  = 
  CONFIG_LINKS    = 
  CONFIG_COMMANDS = 
  $ ./config.status 

on ubuntu

config.status:833: creating apps/bench/mypingpong/Makefile
config.status:833: creating config.h
config.status:993: config.h is unchanged

## ---------------------- ##
## Running config.status. ##
## ---------------------- ##

This file was extended by Pistachio config.status 0.4, which was
generated by GNU Autoconf 2.68.  Invocation command line was

  CONFIG_FILES    = apps/bench/mypingpong/Makefile
  CONFIG_HEADERS  = 
  CONFIG_LINKS    = 
  CONFIG_COMMANDS = 
  $ ./config.status 

on ubuntu

config.status:833: creating apps/bench/mypingpong/Makefile
config.status:833: creating config.h
config.status:993: config.h is unchanged

## ---------------------- ##
## Running config.status. ##
## ---------------------- ##

This file was extended by Pistachio config.status 0.4, which was
generated by GNU Autoconf 2.68.  Invocation command line was

  CONFIG_FILES    = apps/bench/mypingpong/Makefile
  CONFIG_HEADERS  = 
  CONFIG_LINKS    = 
  CONFIG_COMMANDS = 
  $ ./config.status 

on ubuntu

config.status:833: creating apps/bench/mypingpong/Makefile
config.status:833: creating config.h
config.status:993: config.h is unchanged

## ---------------------- ##
## Running config.status. ##
## ---------------------- ##

This file was extended by Pistachio config.status 0.4, which was
generated by GNU Autoconf 2.68.  Invocation command line was

  CONFIG_FILES    = apps/bench/mypingpong/Makefile
  CONFIG_HEADERS  = 
  CONFIG_LINKS    = 
  CONFIG_COMMANDS = 
  $ ./config.status 

on ubuntu

config.status:833: creating apps/bench/mypingpong/Makefile
config.status:833: creating config.h
config.status:993: config.h is unchanged

## ---------------------- ##
## Running config.status. ##
## ---------------------- ##

This file was extended by Pistachio config.status 0.4, which was
generated by GNU Autoconf 2.68.  Invocation command line was

  CONFIG_FILES    = apps/bench/mypingpong/Makefile
  CONFIG_HEADERS  = 
  CONFIG_LINKS    = 
  CONFIG_COMMANDS = 
  $ ./config.status 

on ubuntu

config.status:833: creating apps/bench/mypingpong/Makefile
config.status:833: creating config.h
config.status:993: config.h is unchanged

## ---------------------- ##
## Running config.status. ##
## ---------------------- ##

This file was extended by Pistachio config.status 0.4, which was
generated by GNU Autoconf 2.68.  Invocation command line was

  CONFIG_FILES    = apps/bench/mypingpong/Makefile
  CONFIG_HEADERS  = 
  CONFIG_LINKS    = 
  CONFIG_COMMANDS = 
  $ ./config.status 

on ubuntu

config.status:833: creating apps/bench/mypingpong/Makefile
config.status:833: creating config.h
config.status:993: config.h is unchanged

## ---------------------- ##
## Running config.status. ##
## ---------------------- ##

This file was extended by Pistachio config.status 0.4, which was
generated by GNU Autoconf 2.68.  Invocation command line was

  CONFIG_FILES    = apps/bench/mypingpong/Makefile
  CONFIG_HEADERS  = 
  CONFIG_LINKS    = 
  CONFIG_COMMANDS = 
  $ ./config.status 

on ubuntu

config.status:833: creating apps/bench/mypingpong/Makefile
config.status:833: creating config.h
config.status:993: config.h is unchanged

## ---------------------- ##
## Running config.status. ##
## ---------------------- ##

This file was extended by Pistachio config.status 0.4, which was
generated by GNU Autoconf 2.68.  Invocation command line was

  CONFIG_FILES    = apps/bench/mypingpong/Makefile
  CONFIG_HEADERS  = 
  CONFIG_LINKS    = 
  CONFIG_COMMANDS = 
  $ ./config.status 

on ubuntu

config.status:833: creating apps/bench/mypingpong/Makefile
config.status:833: creating config.h
config.status:993: config.h is unchanged

## ---------------------- ##
## Running config.status. ##
## ---------------------- ##

This file was extended by Pistachio config.status 0.4, which was
generated by GNU Autoconf 2.68.  Invocation command line was

  CONFIG_FILES    = apps/bench/mypingpong/Makefile
  CONFIG_HEADERS  = 
  CONFIG_LINKS    = 
  CONFIG_COMMANDS = 
  $ ./config.status 

on ubuntu

config.status:833: creating apps/bench/mypingpong/Makefile
config.status:833: creating config.h
config.status:993: config.h is unchanged

## ---------------------- ##
## Running config.status. ##
## ---------------------- ##

This file was extended by Pistachio config.status 0.4, which was
generated by GNU Autoconf 2.68.  Invocation command line was

  CONFIG_FILES    = apps/bench/mypingpong/Makefile
  CONFIG_HEADERS  = 
  CONFIG_LINKS    = 
  CONFIG_COMMANDS = 
  $ ./config.status 

on ubuntu

config.status:833: creating apps/bench/mypingpong/Makefile
config.status:833: creating config.h
config.status:993: config.h is unchanged

## ---------------------- ##
## Running config.status. ##
## ---------------------- ##

This file was extended by Pistachio config.status 0.4, which was
generated by GNU Autoconf 2.68.  Invocation command line was

  CONFIG_FILES    = apps/bench/mypingpong/Makefile
  CONFIG_HEADERS  = 
  CONFIG_LINKS    = 
  CONFIG_COMMANDS = 
  $ ./config.status 

on ubuntu

config.status:833: creating apps/bench/mypingpong/Makefile
config.status:833: creating config.h
config.status:993: config.h is unchanged

## ---------------------- ##
## Running config.status. ##
## ---------------------- ##

This file was extended by Pistachio config.status 0.4, which was
generated by GNU Autoconf 2.68.  Invocation command line was

  CONFIG_FILES    = apps/bench/mypingpong/Makefile
  CONFIG_HEADERS  = 
  CONFIG_LINKS    = 
  CONFIG_COMMANDS = 
  $ ./config.status 

on ubuntu

config.status:833: creating apps/bench/mypingpong/Makefile
config.status:833: creating config.h
config.status:993: config.h is unchanged

## ---------------------- ##
## Running config.status. ##
## ---------------------- ##

This file was extended by Pistachio config.status 0.4, which was
generated by GNU Autoconf 2.68.  Invocation command line was

  CONFIG_FILES    = apps/bench/mypingpong/Makefile
  CONFIG_HEADERS  = 
  CONFIG_LINKS    = 
  CONFIG_COMMANDS = 
  $ ./config.status 

on ubuntu

config.status:833: creating apps/bench/mypingpong/Makefile
config.status:833: creating config.h
config.status:993: config.h is unchanged

## ---------------------- ##
## Running config.status. ##
## ---------------------- ##

This file was extended by Pistachio config.status 0.4, which was
generated by GNU Autoconf 2.68.  Invocation command line was

  CONFIG_FILES    = apps/bench/mypingpong/Makefile
  CONFIG_HEADERS  = 
  CONFIG_LINKS    = 
  CONFIG_COMMANDS = 
  $ ./config.status 

on ubuntu

config.status:833: creating apps/bench/mypingpong/Makefile
config.status:833: creating config.h
config.status:993: config.h is unchanged

## ---------------------- ##
## Running config.status. ##
## ---------------------- ##

This file was extended by Pistachio config.status 0.4, which was
generated by GNU Autoconf 2.68.  Invocation command line was

  CONFIG_FILES    = apps/bench/mypingpong/Makefile
  CONFIG_HEADERS  = 
  CONFIG_LINKS    = 
  CONFIG_COMMANDS = 
  $ ./config.status 

on ubuntu

config.status:833: creating apps/bench/mypingpong/Makefile
config.status:833: creating config.h
config.status:993: config.h is unchanged

## ---------------------- ##
## Running config.status. ##
## ---------------------- ##

This file was extended by Pistachio config.status 0.4, which was
generated by GNU Autoconf 2.68.  Invocation command line was

  CONFIG_FILES    = apps/bench/mypingpong/Makefile
  CONFIG_HEADERS  = 
  CONFIG_LINKS    = 
  CONFIG_COMMANDS = 
  $ ./config.status 

on ubuntu

config.status:833: creating apps/bench/mypingpong/Makefile
config.status:833: creating config.h
config.status:993: config.h is unchanged

## ---------------------- ##
## Running config.status. ##
## ---------------------- ##

This file was extended by Pistachio config.status 0.4, which was
generated by GNU Autoconf 2.68.  Invocation command line was

  CONFIG_FILES    = apps/bench/mypingpong/Makefile
  CONFIG_HEADERS  = 
  CONFIG_LINKS    = 
  CONFIG_COMMANDS = 
  $ ./config.status 

on ubuntu

config.status:833: creating apps/bench/mypingpong/Makefile
config.status:833: creating config.h
config.status:993: config.h is unchanged

## ---------------------- ##
## Running config.status. ##
## ---------------------- ##

This file was extended by Pistachio config.status 0.4, which was
generated by GNU Autoconf 2.68.  Invocation command line was

  CONFIG_FILES    = apps/bench/mypingpong/Makefile
  CONFIG_HEADERS  = 
  CONFIG_LINKS    = 
  CONFIG_COMMANDS = 
  $ ./config.status 

on ubuntu

config.status:833: creating apps/bench/mypingpong/Makefile
config.status:833: creating config.h
config.status:993: config.h is unchanged

## ---------------------- ##
## Running config.status. ##
## ---------------------- ##

This file was extended by Pistachio config.status 0.4, which was
generated by GNU Autoconf 2.68.  Invocation command line was

  CONFIG_FILES    = apps/bench/mypingpong/Makefile
  CONFIG_HEADERS  = 
  CONFIG_LINKS    = 
  CONFIG_COMMANDS = 
  $ ./config.status 

on ubuntu

config.status:833: creating apps/bench/mypingpong/Makefile
config.status:833: creating config.h
config.status:993: config.h is unchanged

## ---------------------- ##
## Running config.status. ##
## ---------------------- ##

This file was extended by Pistachio config.status 0.4, which was
generated by GNU Autoconf 2.68.  Invocation command line was

  CONFIG_FILES    = apps/bench/mypingpong/Makefile
  CONFIG_HEADERS  = 
  CONFIG_LINKS    = 
  CONFIG_COMMANDS = 
  $ ./config.status 

on ubuntu

config.status:833: creating apps/bench/mypingpong/Makefile
config.status:833: creating config.h
config.status:993: config.h is unchanged

## ---------------------- ##
## Running config.status. ##
## ---------------------- ##

This file was extended by Pistachio config.status 0.4, which was
generated by GNU Autoconf 2.68.  Invocation command line was

  CONFIG_FILES    = apps/bench/mypingpong/Makefile
  CONFIG_HEADERS  = 
  CONFIG_LINKS    = 
  CONFIG_COMMANDS = 
  $ ./config.status 

on ubuntu

config.status:833: creating apps/bench/mypingpong/Makefile
config.status:833: creating config.h
config.status:993: config.h is unchanged

## ---------------------- ##
## Running config.status. ##
## ---------------------- ##

This file was extended by Pistachio config.status 0.4, which was
generated by GNU Autoconf 2.68.  Invocation command line was

  CONFIG_FILES    = apps/bench/mypingpong/Makefile
  CONFIG_HEADERS  = 
  CONFIG_LINKS    = 
  CONFIG_COMMANDS = 
  $ ./config.status 

on ubuntu

config.status:833: creating apps/bench/mypingpong/Makefile
config.status:833: creating config.h
config.status:993: config.h is unchanged

## ---------------------- ##
## Running config.status. ##
## ---------------------- ##

This file was extended by Pistachio config.status 0.4, which was
generated by GNU Autoconf 2.68.  Invocation command line was

  CONFIG_FILES    = apps/bench/mypingpong/Makefile
  CONFIG_HEADERS  = 
  CONFIG_LINKS    = 
  CONFIG_COMMANDS = 
  $ ./config.status 

on ubuntu

config.status:833: creating apps/bench/mypingpong/Makefile
config.status:833: creating config.h
config.status:993: config.h is unchanged

## ---------------------- ##
## Running config.status. ##
## ---------------------- ##

This file was extended by Pistachio config.status 0.4, which was
generated by GNU Autoconf 2.68.  Invocation command line was

  CONFIG_FILES    = apps/bench/mypingpong/Makefile
  CONFIG_HEADERS  = 
  CONFIG_LINKS    = 
  CONFIG_COMMANDS = 
  $ ./config.status 

on ubuntu

config.status:833: creating apps/bench/mypingpong/Makefile
config.status:833: creating config.h
config.status:993: config.h is unchanged

## ---------------------- ##
## Running config.status. ##
## ---------------------- ##

This file was extended by Pistachio config.status 0.4, which was
generated by GNU Autoconf 2.68.  Invocation command line was

  CONFIG_FILES    = apps/bench/mypingpong/Makefile
  CONFIG_HEADERS  = 
  CONFIG_LINKS    = 
  CONFIG_COMMANDS = 
  $ ./config.status 

on ubuntu

config.status:833: creating apps/bench/mypingpong/Makefile
config.status:833: creating config.h
config.status:993: config.h is unchanged

## ---------------------- ##
## Running config.status. ##
## ---------------------- ##

This file was extended by Pistachio config.status 0.4, which was
generated by GNU Autoconf 2.68.  Invocation command line was

  CONFIG_FILES    = apps/bench/mypingpong/Makefile
  CONFIG_HEADERS  = 
  CONFIG_LINKS    = 
  CONFIG_COMMANDS = 
  $ ./config.status 

on ubuntu

config.status:833: creating apps/bench/mypingpong/Makefile
config.status:833: creating config.h
config.status:993: config.h is unchanged

## ---------------------- ##
## Running config.status. ##
## ---------------------- ##

This file was extended by Pistachio config.status 0.4, which was
generated by GNU Autoconf 2.68.  Invocation command line was

  CONFIG_FILES    = apps/bench/mypingpong/Makefile
  CONFIG_HEADERS  = 
  CONFIG_LINKS    = 
  CONFIG_COMMANDS = 
  $ ./config.status 

on ubuntu

config.status:833: creating apps/bench/mypingpong/Makefile
config.status:833: creating config.h
config.status:993: config.h is unchanged

## ---------------------- ##
## Running config.status. ##
## ---------------------- ##

This file was extended by Pistachio config.status 0.4, which was
generated by GNU Autoconf 2.68.  Invocation command line was

  CONFIG_FILES    = apps/bench/mypingpong/Makefile
  CONFIG_HEADERS  = 
  CONFIG_LINKS    = 
  CONFIG_COMMANDS = 
  $ ./config.status 

on ubuntu

config.status:833: creating apps/bench/mypingpong/Makefile
config.status:833: creating config.h
config.status:993: config.h is unchanged

## ---------------------- ##
## Running config.status. ##
## ---------------------- ##

This file was extended by Pistachio config.status 0.4, which was
generated by GNU Autoconf 2.68.  Invocation command line was

  CONFIG_FILES    = apps/bench/mypingpong/Makefile
  CONFIG_HEADERS  = 
  CONFIG_LINKS    = 
  CONFIG_COMMANDS = 
  $ ./config.status 

on ubuntu

config.status:833: creating apps/bench/mypingpong/Makefile
config.status:833: creating config.h
config.status:993: config.h is unchanged

## ---------------------- ##
## Running config.status. ##
## ---------------------- ##

This file was extended by Pistachio config.status 0.4, which was
generated by GNU Autoconf 2.68.  Invocation command line was

  CONFIG_FILES    = apps/bench/mypingpong/Makefile
  CONFIG_HEADERS  = 
  CONFIG_LINKS    = 
  CONFIG_COMMANDS = 
  $ ./config.status 

on ubuntu

config.status:833: creating apps/bench/mypingpong/Makefile
config.status:833: creating config.h
config.status:993: config.h is unchanged
